app/build/outputs/logs/manifest-merger-debug-report.txt
-- Merging decision tree log ---
manifest
ADDED from src/main/AndroidManifest.xml:2:1-111:12
	package
		ADDED from src/main/AndroidManifest.xml:3:5-37
		INJECTED from src/main/AndroidManifest.xml
		INJECTED from src/main/AndroidManifest.xml
	android:versionName
		INJECTED from src/main/AndroidManifest.xml
		INJECTED from src/main/AndroidManifest.xml
	xmlns:android
		ADDED from src/main/AndroidManifest.xml:2:11-69
	android:versionCode
		INJECTED from src/main/AndroidManifest.xml
		INJECTED from src/main/AndroidManifest.xml
uses-permission#android.permission.RECEIVE_BOOT_COMPLETED
ADDED from src/main/AndroidManifest.xml:6:5-81
	android:name
		ADDED from src/main/AndroidManifest.xml:6:22-78
application
ADDED from src/main/AndroidManifest.xml:8:5-109:19
MERGED from [com.android.support:appcompat-v7:23.1.1] AndroidManifest.xml:22:5-20
MERGED from [com.android.support:support-v4:23.1.1] AndroidManifest.xml:22:5-20
MERGED from [com.android.support:design:23.1.1] AndroidManifest.xml:22:5-20
MERGED from [com.android.support:appcompat-v7:23.1.1] AndroidManifest.xml:22:5-20
MERGED from [com.android.support:support-v4:23.1.1] AndroidManifest.xml:22:5-20
MERGED from [com.android.support:support-v4:23.1.1] AndroidManifest.xml:22:5-20
MERGED from [com.android.support:support-v4:23.1.1] AndroidManifest.xml:22:5-20
MERGED from [com.android.support:support-v4:23.1.1] AndroidManifest.xml:22:5-20
MERGED from [com.android.support:appcompat-v7:23.1.1] AndroidManifest.xml:22:5-20
MERGED from [com.android.support:support-v4:23.1.1] AndroidManifest.xml:22:5-20
MERGED from [com.github.d-max:spots-dialog:0.4] AndroidManifest.xml:12:5-20
	android:label
		ADDED from src/main/AndroidManifest.xml:11:9-41
	android:supportsRtl
		ADDED from src/main/AndroidManifest.xml:13:9-35
	android:allowBackup
		ADDED from src/main/AndroidManifest.xml:9:9-35
	android:icon
		ADDED from src/main/AndroidManifest.xml:10:9-46
	android:largeHeap
		ADDED from src/main/AndroidManifest.xml:12:9-33
	android:theme
		ADDED from src/main/AndroidManifest.xml:14:9-40
activity#jushin.net.memoryfresh.activity.MainActivity
ADDED from src/main/AndroidManifest.xml:15:9-26:20
	android:screenOrientation
		ADDED from src/main/AndroidManifest.xml:18:13-49
	android:label
		ADDED from src/main/AndroidManifest.xml:17:13-45
	android:finishOnTaskLaunch
		ADDED from src/main/AndroidManifest.xml:20:13-46
	android:theme
		ADDED from src/main/AndroidManifest.xml:19:13-56
	android:name
		ADDED from src/main/AndroidManifest.xml:16:13-50
intent-filter#android.intent.action.MAIN+android.intent.category.LAUNCHER
ADDED from src/main/AndroidManifest.xml:21:13-25:29
action#android.intent.action.MAIN
ADDED from src/main/AndroidManifest.xml:22:17-69
	android:name
		ADDED from src/main/AndroidManifest.xml:22:25-66
category#android.intent.category.LAUNCHER
ADDED from src/main/AndroidManifest.xml:24:17-77
	android:name
		ADDED from src/main/AndroidManifest.xml:24:27-74
activity#jushin.net.memoryfresh.activity.SettingsActivity
ADDED from src/main/AndroidManifest.xml:27:9-29:51
	android:screenOrientation
		ADDED from src/main/AndroidManifest.xml:29:13-49
	android:name
		ADDED from src/main/AndroidManifest.xml:28:13-54
service#jushin.net.memoryfresh.service.MemoryFreshService
ADDED from src/main/AndroidManifest.xml:41:9-43:40
	android:exported
		ADDED from src/main/AndroidManifest.xml:43:13-37
	android:name
		ADDED from src/main/AndroidManifest.xml:42:13-55
receiver#jushin.net.memoryfresh.receiver.MainBroadReceiver
ADDED from src/main/AndroidManifest.xml:45:9-53:20
	android:permission
		ADDED from src/main/AndroidManifest.xml:47:13-75
	android:name
		ADDED from src/main/AndroidManifest.xml:46:13-55
intent-filter#android.intent.action.BOOT_COMPLETED+android.intent.category.DEFAULT
ADDED from src/main/AndroidManifest.xml:48:13-52:29
action#android.intent.action.BOOT_COMPLETED
ADDED from src/main/AndroidManifest.xml:49:17-79
	android:name
		ADDED from src/main/AndroidManifest.xml:49:25-76
category#android.intent.category.DEFAULT
ADDED from src/main/AndroidManifest.xml:51:17-76
	android:name
		ADDED from src/main/AndroidManifest.xml:51:27-73
activity#jushin.net.memoryfresh.activity.PacageListActivity
ADDED from src/main/AndroidManifest.xml:55:9-56:15
	android:name
		ADDED from src/main/AndroidManifest.xml:55:19-62
service#jushin.net.memoryfresh.services.MyService01
ADDED from src/main/AndroidManifest.xml:58:9-61:43
	android:process
		ADDED from src/main/AndroidManifest.xml:60:13-44
	android:stopWithTask
		ADDED from src/main/AndroidManifest.xml:61:13-40
	android:name
		ADDED from src/main/AndroidManifest.xml:59:13-49
service#jushin.net.memoryfresh.services.MyService02
ADDED from src/main/AndroidManifest.xml:62:9-65:43
	android:process
		ADDED from src/main/AndroidManifest.xml:64:13-44
	android:stopWithTask
		ADDED from src/main/AndroidManifest.xml:65:13-40
	android:name
		ADDED from src/main/AndroidManifest.xml:63:13-49
service#jushin.net.memoryfresh.services.MyService03
ADDED from src/main/AndroidManifest.xml:66:9-69:43
	android:process
		ADDED from src/main/AndroidManifest.xml:68:13-44
	android:stopWithTask
		ADDED from src/main/AndroidManifest.xml:69:13-40
	android:name
		ADDED from src/main/AndroidManifest.xml:67:13-49
service#jushin.net.memoryfresh.services.MyService06
ADDED from src/main/AndroidManifest.xml:74:9-77:43
	android:process
		ADDED from src/main/AndroidManifest.xml:76:13-44
	android:stopWithTask
		ADDED from src/main/AndroidManifest.xml:77:13-40
	android:name
		ADDED from src/main/AndroidManifest.xml:75:13-49
service#jushin.net.memoryfresh.services.MyService07
ADDED from src/main/AndroidManifest.xml:78:9-81:43
	android:process
		ADDED from src/main/AndroidManifest.xml:80:13-44
	android:stopWithTask
		ADDED from src/main/AndroidManifest.xml:81:13-40
	android:name
		ADDED from src/main/AndroidManifest.xml:79:13-49
service#jushin.net.memoryfresh.services.MyService08
ADDED from src/main/AndroidManifest.xml:82:9-85:43
	android:process
		ADDED from src/main/AndroidManifest.xml:84:13-44
	android:stopWithTask
		ADDED from src/main/AndroidManifest.xml:85:13-40
	android:name
		ADDED from src/main/AndroidManifest.xml:83:13-49
receiver#jushin.net.memoryfresh.widget.MemoryFreshWidgetProvider
ADDED from src/main/AndroidManifest.xml:90:9-99:20
	android:name
		ADDED from src/main/AndroidManifest.xml:90:19-67
intent-filter#android.appwidget.action.APPWIDGET_UPDATE+jushin.net.memoryfresh.widget.MemoryFreshWidgetProvider.BUTTON_CLICKED
ADDED from src/main/AndroidManifest.xml:91:13-94:29
action#android.appwidget.action.APPWIDGET_UPDATE
ADDED from src/main/AndroidManifest.xml:92:17-84
	android:name
		ADDED from src/main/AndroidManifest.xml:92:25-81
action#jushin.net.memoryfresh.widget.MemoryFreshWidgetProvider.BUTTON_CLICKED
ADDED from src/main/AndroidManifest.xml:93:17-113
	android:name
		ADDED from src/main/AndroidManifest.xml:93:25-110
meta-data#android.appwidget.provider
ADDED from src/main/AndroidManifest.xml:96:13-98:68
	android:resource
		ADDED from src/main/AndroidManifest.xml:98:17-65
	android:name
		ADDED from src/main/AndroidManifest.xml:97:17-58
activity#jushin.net.memoryfresh.activity.WidgetActivity
ADDED from src/main/AndroidManifest.xml:102:9-107:20
	android:theme
		ADDED from src/main/AndroidManifest.xml:104:13-72
	android:name
		ADDED from src/main/AndroidManifest.xml:103:13-52
uses-sdk
INJECTED from src/main/AndroidManifest.xml reason: use-sdk injection requested
MERGED from [com.android.support:appcompat-v7:23.1.1] AndroidManifest.xml:20:5-43
MERGED from [com.android.support:support-v4:23.1.1] AndroidManifest.xml:20:5-43
MERGED from [com.android.support:design:23.1.1] AndroidManifest.xml:20:5-43
MERGED from [com.android.support:appcompat-v7:23.1.1] AndroidManifest.xml:20:5-43
MERGED from [com.android.support:support-v4:23.1.1] AndroidManifest.xml:20:5-43
MERGED from [com.android.support:recyclerview-v7:23.1.1] AndroidManifest.xml:20:5-43
MERGED from [com.android.support:support-v4:23.1.1] AndroidManifest.xml:20:5-43
MERGED from [com.android.support:support-v4:23.1.1] AndroidManifest.xml:20:5-43
MERGED from [com.jaredrummler:android-processes:1.0.2] AndroidManifest.xml:6:5-8:41
MERGED from [com.android.support:support-v4:23.1.1] AndroidManifest.xml:20:5-43
MERGED from [com.pavelsikun:material-seekbar-preference:0.12.1] AndroidManifest.xml:8:5-10:41
MERGED from [com.android.support:appcompat-v7:23.1.1] AndroidManifest.xml:20:5-43
MERGED from [com.android.support:support-v4:23.1.1] AndroidManifest.xml:20:5-43
MERGED from [com.github.d-max:spots-dialog:0.4] AndroidManifest.xml:8:5-10:41
	android:targetSdkVersion
		INJECTED from src/main/AndroidManifest.xml
		INJECTED from src/main/AndroidManifest.xml
	android:minSdkVersion
		INJECTED from src/main/AndroidManifest.xml
		INJECTED from src/main/AndroidManifest.xml